<?xml version="1.0" encoding="UTF-8"?>
<testsuite xmlns:xsi="http://www.w3.org/2001/XMLSchema-instance" xsi:noNamespaceSchemaLocation="https://maven.apache.org/surefire/maven-surefire-plugin/xsd/surefire-test-report-3.0.xsd" version="3.0" name="com.api.produtosfavoritos.cliente.ConsultaClienteTest" time="12.141" tests="2" errors="0" skipped="0" failures="0">
  <properties>
    <property name="gopherProxySet" value="false"/>
    <property name="awt.toolkit" value="sun.lwawt.macosx.LWCToolkit"/>
    <property name="java.specification.version" value="11"/>
    <property name="sun.cpu.isalist" value=""/>
    <property name="sun.jnu.encoding" value="UTF-8"/>
    <property name="java.class.path" value="/Users/tomate/produtos-favoritos/target/test-classes:/Users/tomate/produtos-favoritos/target/classes:/Users/tomate/.m2/repository/org/springframework/boot/spring-boot-starter-web/2.4.5/spring-boot-starter-web-2.4.5.jar:/Users/tomate/.m2/repository/org/springframework/boot/spring-boot-starter/2.4.5/spring-boot-starter-2.4.5.jar:/Users/tomate/.m2/repository/org/springframework/boot/spring-boot/2.4.5/spring-boot-2.4.5.jar:/Users/tomate/.m2/repository/org/springframework/boot/spring-boot-autoconfigure/2.4.5/spring-boot-autoconfigure-2.4.5.jar:/Users/tomate/.m2/repository/org/springframework/boot/spring-boot-starter-logging/2.4.5/spring-boot-starter-logging-2.4.5.jar:/Users/tomate/.m2/repository/org/apache/logging/log4j/log4j-to-slf4j/2.13.3/log4j-to-slf4j-2.13.3.jar:/Users/tomate/.m2/repository/org/apache/logging/log4j/log4j-api/2.13.3/log4j-api-2.13.3.jar:/Users/tomate/.m2/repository/org/slf4j/jul-to-slf4j/1.7.30/jul-to-slf4j-1.7.30.jar:/Users/tomate/.m2/repository/jakarta/annotation/jakarta.annotation-api/1.3.5/jakarta.annotation-api-1.3.5.jar:/Users/tomate/.m2/repository/org/yaml/snakeyaml/1.27/snakeyaml-1.27.jar:/Users/tomate/.m2/repository/org/springframework/boot/spring-boot-starter-json/2.4.5/spring-boot-starter-json-2.4.5.jar:/Users/tomate/.m2/repository/com/fasterxml/jackson/datatype/jackson-datatype-jdk8/2.11.4/jackson-datatype-jdk8-2.11.4.jar:/Users/tomate/.m2/repository/com/fasterxml/jackson/datatype/jackson-datatype-jsr310/2.11.4/jackson-datatype-jsr310-2.11.4.jar:/Users/tomate/.m2/repository/com/fasterxml/jackson/module/jackson-module-parameter-names/2.11.4/jackson-module-parameter-names-2.11.4.jar:/Users/tomate/.m2/repository/org/springframework/boot/spring-boot-starter-tomcat/2.4.5/spring-boot-starter-tomcat-2.4.5.jar:/Users/tomate/.m2/repository/org/apache/tomcat/embed/tomcat-embed-core/9.0.45/tomcat-embed-core-9.0.45.jar:/Users/tomate/.m2/repository/org/apache/tomcat/embed/tomcat-embed-websocket/9.0.45/tomcat-embed-websocket-9.0.45.jar:/Users/tomate/.m2/repository/org/springframework/spring-web/5.3.6/spring-web-5.3.6.jar:/Users/tomate/.m2/repository/org/springframework/spring-beans/5.3.6/spring-beans-5.3.6.jar:/Users/tomate/.m2/repository/org/springframework/spring-webmvc/5.3.6/spring-webmvc-5.3.6.jar:/Users/tomate/.m2/repository/org/springframework/spring-context/5.3.6/spring-context-5.3.6.jar:/Users/tomate/.m2/repository/org/springframework/spring-expression/5.3.6/spring-expression-5.3.6.jar:/Users/tomate/.m2/repository/org/modelmapper/modelmapper/2.4.1/modelmapper-2.4.1.jar:/Users/tomate/.m2/repository/org/springframework/boot/spring-boot-starter-data-jpa/2.4.5/spring-boot-starter-data-jpa-2.4.5.jar:/Users/tomate/.m2/repository/org/springframework/boot/spring-boot-starter-aop/2.4.5/spring-boot-starter-aop-2.4.5.jar:/Users/tomate/.m2/repository/org/aspectj/aspectjweaver/1.9.6/aspectjweaver-1.9.6.jar:/Users/tomate/.m2/repository/org/springframework/boot/spring-boot-starter-jdbc/2.4.5/spring-boot-starter-jdbc-2.4.5.jar:/Users/tomate/.m2/repository/com/zaxxer/HikariCP/3.4.5/HikariCP-3.4.5.jar:/Users/tomate/.m2/repository/org/springframework/spring-jdbc/5.3.6/spring-jdbc-5.3.6.jar:/Users/tomate/.m2/repository/jakarta/transaction/jakarta.transaction-api/1.3.3/jakarta.transaction-api-1.3.3.jar:/Users/tomate/.m2/repository/jakarta/persistence/jakarta.persistence-api/2.2.3/jakarta.persistence-api-2.2.3.jar:/Users/tomate/.m2/repository/org/hibernate/hibernate-core/5.4.30.Final/hibernate-core-5.4.30.Final.jar:/Users/tomate/.m2/repository/org/jboss/logging/jboss-logging/3.4.1.Final/jboss-logging-3.4.1.Final.jar:/Users/tomate/.m2/repository/org/javassist/javassist/3.27.0-GA/javassist-3.27.0-GA.jar:/Users/tomate/.m2/repository/net/bytebuddy/byte-buddy/1.10.22/byte-buddy-1.10.22.jar:/Users/tomate/.m2/repository/antlr/antlr/2.7.7/antlr-2.7.7.jar:/Users/tomate/.m2/repository/org/jboss/jandex/2.2.3.Final/jandex-2.2.3.Final.jar:/Users/tomate/.m2/repository/com/fasterxml/classmate/1.5.1/classmate-1.5.1.jar:/Users/tomate/.m2/repository/org/dom4j/dom4j/2.1.3/dom4j-2.1.3.jar:/Users/tomate/.m2/repository/org/hibernate/common/hibernate-commons-annotations/5.1.2.Final/hibernate-commons-annotations-5.1.2.Final.jar:/Users/tomate/.m2/repository/org/glassfish/jaxb/jaxb-runtime/2.3.4/jaxb-runtime-2.3.4.jar:/Users/tomate/.m2/repository/org/glassfish/jaxb/txw2/2.3.4/txw2-2.3.4.jar:/Users/tomate/.m2/repository/com/sun/istack/istack-commons-runtime/3.0.12/istack-commons-runtime-3.0.12.jar:/Users/tomate/.m2/repository/com/sun/activation/jakarta.activation/1.2.2/jakarta.activation-1.2.2.jar:/Users/tomate/.m2/repository/org/springframework/data/spring-data-jpa/2.4.8/spring-data-jpa-2.4.8.jar:/Users/tomate/.m2/repository/org/springframework/data/spring-data-commons/2.4.8/spring-data-commons-2.4.8.jar:/Users/tomate/.m2/repository/org/springframework/spring-orm/5.3.6/spring-orm-5.3.6.jar:/Users/tomate/.m2/repository/org/springframework/spring-tx/5.3.6/spring-tx-5.3.6.jar:/Users/tomate/.m2/repository/org/springframework/spring-aspects/5.3.6/spring-aspects-5.3.6.jar:/Users/tomate/.m2/repository/org/postgresql/postgresql/42.2.19/postgresql-42.2.19.jar:/Users/tomate/.m2/repository/org/checkerframework/checker-qual/3.5.0/checker-qual-3.5.0.jar:/Users/tomate/.m2/repository/org/springframework/boot/spring-boot-starter-validation/2.4.5/spring-boot-starter-validation-2.4.5.jar:/Users/tomate/.m2/repository/org/glassfish/jakarta.el/3.0.3/jakarta.el-3.0.3.jar:/Users/tomate/.m2/repository/org/hibernate/validator/hibernate-validator/6.1.7.Final/hibernate-validator-6.1.7.Final.jar:/Users/tomate/.m2/repository/jakarta/validation/jakarta.validation-api/2.0.2/jakarta.validation-api-2.0.2.jar:/Users/tomate/.m2/repository/ch/qos/logback/logback-classic/1.2.3/logback-classic-1.2.3.jar:/Users/tomate/.m2/repository/org/slf4j/slf4j-api/1.7.30/slf4j-api-1.7.30.jar:/Users/tomate/.m2/repository/ch/qos/logback/logback-core/1.2.3/logback-core-1.2.3.jar:/Users/tomate/.m2/repository/org/springframework/boot/spring-boot-starter-security/2.4.5/spring-boot-starter-security-2.4.5.jar:/Users/tomate/.m2/repository/org/springframework/spring-aop/5.3.6/spring-aop-5.3.6.jar:/Users/tomate/.m2/repository/org/springframework/security/spring-security-config/5.4.6/spring-security-config-5.4.6.jar:/Users/tomate/.m2/repository/org/springframework/security/spring-security-core/5.4.6/spring-security-core-5.4.6.jar:/Users/tomate/.m2/repository/org/springframework/security/spring-security-web/5.4.6/spring-security-web-5.4.6.jar:/Users/tomate/.m2/repository/io/jsonwebtoken/jjwt/0.7.0/jjwt-0.7.0.jar:/Users/tomate/.m2/repository/com/fasterxml/jackson/core/jackson-databind/2.11.4/jackson-databind-2.11.4.jar:/Users/tomate/.m2/repository/org/springframework/cloud/spring-cloud-starter-feign/1.4.7.RELEASE/spring-cloud-starter-feign-1.4.7.RELEASE.jar:/Users/tomate/.m2/repository/org/springframework/cloud/spring-cloud-starter-openfeign/3.0.2/spring-cloud-starter-openfeign-3.0.2.jar:/Users/tomate/.m2/repository/org/springframework/cloud/spring-cloud-starter/3.0.2/spring-cloud-starter-3.0.2.jar:/Users/tomate/.m2/repository/org/springframework/cloud/spring-cloud-context/3.0.2/spring-cloud-context-3.0.2.jar:/Users/tomate/.m2/repository/org/springframework/security/spring-security-rsa/1.0.9.RELEASE/spring-security-rsa-1.0.9.RELEASE.jar:/Users/tomate/.m2/repository/org/bouncycastle/bcpkix-jdk15on/1.64/bcpkix-jdk15on-1.64.jar:/Users/tomate/.m2/repository/org/bouncycastle/bcprov-jdk15on/1.64/bcprov-jdk15on-1.64.jar:/Users/tomate/.m2/repository/org/springframework/cloud/spring-cloud-openfeign-core/3.0.2/spring-cloud-openfeign-core-3.0.2.jar:/Users/tomate/.m2/repository/io/github/openfeign/form/feign-form-spring/3.8.0/feign-form-spring-3.8.0.jar:/Users/tomate/.m2/repository/io/github/openfeign/form/feign-form/3.8.0/feign-form-3.8.0.jar:/Users/tomate/.m2/repository/commons-fileupload/commons-fileupload/1.4/commons-fileupload-1.4.jar:/Users/tomate/.m2/repository/commons-io/commons-io/2.2/commons-io-2.2.jar:/Users/tomate/.m2/repository/org/springframework/cloud/spring-cloud-commons/3.0.2/spring-cloud-commons-3.0.2.jar:/Users/tomate/.m2/repository/org/springframework/security/spring-security-crypto/5.4.6/spring-security-crypto-5.4.6.jar:/Users/tomate/.m2/repository/io/github/openfeign/feign-core/10.10.1/feign-core-10.10.1.jar:/Users/tomate/.m2/repository/io/github/openfeign/feign-slf4j/10.10.1/feign-slf4j-10.10.1.jar:/Users/tomate/.m2/repository/org/junit/jupiter/junit-jupiter-engine/5.4.2/junit-jupiter-engine-5.4.2.jar:/Users/tomate/.m2/repository/org/apiguardian/apiguardian-api/1.0.0/apiguardian-api-1.0.0.jar:/Users/tomate/.m2/repository/org/junit/platform/junit-platform-engine/1.7.1/junit-platform-engine-1.7.1.jar:/Users/tomate/.m2/repository/org/junit/jupiter/junit-jupiter-api/5.4.2/junit-jupiter-api-5.4.2.jar:/Users/tomate/.m2/repository/org/opentest4j/opentest4j/1.1.1/opentest4j-1.1.1.jar:/Users/tomate/.m2/repository/org/junit/platform/junit-platform-commons/1.7.1/junit-platform-commons-1.7.1.jar:/Users/tomate/.m2/repository/org/junit/platform/junit-platform-launcher/1.2.0/junit-platform-launcher-1.2.0.jar:/Users/tomate/.m2/repository/com/h2database/h2/1.4.200/h2-1.4.200.jar:/Users/tomate/.m2/repository/org/springframework/boot/spring-boot-starter-test/2.4.5/spring-boot-starter-test-2.4.5.jar:/Users/tomate/.m2/repository/org/springframework/boot/spring-boot-test/2.4.5/spring-boot-test-2.4.5.jar:/Users/tomate/.m2/repository/org/springframework/boot/spring-boot-test-autoconfigure/2.4.5/spring-boot-test-autoconfigure-2.4.5.jar:/Users/tomate/.m2/repository/com/jayway/jsonpath/json-path/2.4.0/json-path-2.4.0.jar:/Users/tomate/.m2/repository/net/minidev/json-smart/2.3/json-smart-2.3.jar:/Users/tomate/.m2/repository/net/minidev/accessors-smart/1.2/accessors-smart-1.2.jar:/Users/tomate/.m2/repository/org/ow2/asm/asm/5.0.4/asm-5.0.4.jar:/Users/tomate/.m2/repository/jakarta/xml/bind/jakarta.xml.bind-api/2.3.3/jakarta.xml.bind-api-2.3.3.jar:/Users/tomate/.m2/repository/jakarta/activation/jakarta.activation-api/1.2.2/jakarta.activation-api-1.2.2.jar:/Users/tomate/.m2/repository/org/assertj/assertj-core/3.18.1/assertj-core-3.18.1.jar:/Users/tomate/.m2/repository/org/hamcrest/hamcrest/2.2/hamcrest-2.2.jar:/Users/tomate/.m2/repository/org/junit/jupiter/junit-jupiter/5.7.1/junit-jupiter-5.7.1.jar:/Users/tomate/.m2/repository/org/junit/jupiter/junit-jupiter-params/5.7.1/junit-jupiter-params-5.7.1.jar:/Users/tomate/.m2/repository/org/mockito/mockito-core/3.6.28/mockito-core-3.6.28.jar:/Users/tomate/.m2/repository/net/bytebuddy/byte-buddy-agent/1.10.22/byte-buddy-agent-1.10.22.jar:/Users/tomate/.m2/repository/org/objenesis/objenesis/3.1/objenesis-3.1.jar:/Users/tomate/.m2/repository/org/mockito/mockito-junit-jupiter/3.6.28/mockito-junit-jupiter-3.6.28.jar:/Users/tomate/.m2/repository/org/skyscreamer/jsonassert/1.5.0/jsonassert-1.5.0.jar:/Users/tomate/.m2/repository/com/vaadin/external/google/android-json/0.0.20131108.vaadin1/android-json-0.0.20131108.vaadin1.jar:/Users/tomate/.m2/repository/org/springframework/spring-core/5.3.6/spring-core-5.3.6.jar:/Users/tomate/.m2/repository/org/springframework/spring-jcl/5.3.6/spring-jcl-5.3.6.jar:/Users/tomate/.m2/repository/org/springframework/spring-test/5.3.6/spring-test-5.3.6.jar:/Users/tomate/.m2/repository/org/xmlunit/xmlunit-core/2.7.0/xmlunit-core-2.7.0.jar:/Users/tomate/.m2/repository/com/github/tomakehurst/wiremock/1.58/wiremock-1.58.jar:/Users/tomate/.m2/repository/org/apache/httpcomponents/httpclient/4.5.13/httpclient-4.5.13.jar:/Users/tomate/.m2/repository/org/apache/httpcomponents/httpcore/4.4.14/httpcore-4.4.14.jar:/Users/tomate/.m2/repository/commons-codec/commons-codec/1.15/commons-codec-1.15.jar:/Users/tomate/.m2/repository/com/fasterxml/jackson/core/jackson-core/2.11.4/jackson-core-2.11.4.jar:/Users/tomate/.m2/repository/xmlunit/xmlunit/1.6/xmlunit-1.6.jar:/Users/tomate/.m2/repository/org/mortbay/jetty/jetty/6.1.26/jetty-6.1.26.jar:/Users/tomate/.m2/repository/org/mortbay/jetty/jetty-util/6.1.26/jetty-util-6.1.26.jar:/Users/tomate/.m2/repository/org/mortbay/jetty/servlet-api/2.5-20081211/servlet-api-2.5-20081211.jar:/Users/tomate/.m2/repository/com/fasterxml/jackson/core/jackson-annotations/2.11.4/jackson-annotations-2.11.4.jar:/Users/tomate/.m2/repository/net/sf/jopt-simple/jopt-simple/4.9/jopt-simple-4.9.jar:/Users/tomate/.m2/repository/com/google/guava/guava/18.0/guava-18.0.jar:"/>
    <property name="java.vm.vendor" value="Oracle Corporation"/>
    <property name="sun.arch.data.model" value="64"/>
    <property name="java.vendor.url" value="https://openjdk.java.net/"/>
    <property name="user.timezone" value="America/Sao_Paulo"/>
    <property name="java.vm.specification.version" value="11"/>
    <property name="os.name" value="Mac OS X"/>
    <property name="sun.java.launcher" value="SUN_STANDARD"/>
    <property name="user.country" value="BR"/>
    <property name="sun.boot.library.path" value="/Library/Java/JavaVirtualMachines/jdk-11.0.9.jdk/Contents/Home/lib"/>
    <property name="sun.java.command" value="/Users/tomate/produtos-favoritos/target/surefire/surefirebooter617600529797050719.jar /Users/tomate/produtos-favoritos/target/surefire 2021-04-25T22-09-52_788-jvmRun1 surefire5013213593458774332tmp surefire_011365287123482945128tmp"/>
    <property name="http.nonProxyHosts" value="local|*.local|169.254/16|*.169.254/16"/>
    <property name="jdk.debug" value="release"/>
    <property name="surefire.test.class.path" value="/Users/tomate/produtos-favoritos/target/test-classes:/Users/tomate/produtos-favoritos/target/classes:/Users/tomate/.m2/repository/org/springframework/boot/spring-boot-starter-web/2.4.5/spring-boot-starter-web-2.4.5.jar:/Users/tomate/.m2/repository/org/springframework/boot/spring-boot-starter/2.4.5/spring-boot-starter-2.4.5.jar:/Users/tomate/.m2/repository/org/springframework/boot/spring-boot/2.4.5/spring-boot-2.4.5.jar:/Users/tomate/.m2/repository/org/springframework/boot/spring-boot-autoconfigure/2.4.5/spring-boot-autoconfigure-2.4.5.jar:/Users/tomate/.m2/repository/org/springframework/boot/spring-boot-starter-logging/2.4.5/spring-boot-starter-logging-2.4.5.jar:/Users/tomate/.m2/repository/org/apache/logging/log4j/log4j-to-slf4j/2.13.3/log4j-to-slf4j-2.13.3.jar:/Users/tomate/.m2/repository/org/apache/logging/log4j/log4j-api/2.13.3/log4j-api-2.13.3.jar:/Users/tomate/.m2/repository/org/slf4j/jul-to-slf4j/1.7.30/jul-to-slf4j-1.7.30.jar:/Users/tomate/.m2/repository/jakarta/annotation/jakarta.annotation-api/1.3.5/jakarta.annotation-api-1.3.5.jar:/Users/tomate/.m2/repository/org/yaml/snakeyaml/1.27/snakeyaml-1.27.jar:/Users/tomate/.m2/repository/org/springframework/boot/spring-boot-starter-json/2.4.5/spring-boot-starter-json-2.4.5.jar:/Users/tomate/.m2/repository/com/fasterxml/jackson/datatype/jackson-datatype-jdk8/2.11.4/jackson-datatype-jdk8-2.11.4.jar:/Users/tomate/.m2/repository/com/fasterxml/jackson/datatype/jackson-datatype-jsr310/2.11.4/jackson-datatype-jsr310-2.11.4.jar:/Users/tomate/.m2/repository/com/fasterxml/jackson/module/jackson-module-parameter-names/2.11.4/jackson-module-parameter-names-2.11.4.jar:/Users/tomate/.m2/repository/org/springframework/boot/spring-boot-starter-tomcat/2.4.5/spring-boot-starter-tomcat-2.4.5.jar:/Users/tomate/.m2/repository/org/apache/tomcat/embed/tomcat-embed-core/9.0.45/tomcat-embed-core-9.0.45.jar:/Users/tomate/.m2/repository/org/apache/tomcat/embed/tomcat-embed-websocket/9.0.45/tomcat-embed-websocket-9.0.45.jar:/Users/tomate/.m2/repository/org/springframework/spring-web/5.3.6/spring-web-5.3.6.jar:/Users/tomate/.m2/repository/org/springframework/spring-beans/5.3.6/spring-beans-5.3.6.jar:/Users/tomate/.m2/repository/org/springframework/spring-webmvc/5.3.6/spring-webmvc-5.3.6.jar:/Users/tomate/.m2/repository/org/springframework/spring-context/5.3.6/spring-context-5.3.6.jar:/Users/tomate/.m2/repository/org/springframework/spring-expression/5.3.6/spring-expression-5.3.6.jar:/Users/tomate/.m2/repository/org/modelmapper/modelmapper/2.4.1/modelmapper-2.4.1.jar:/Users/tomate/.m2/repository/org/springframework/boot/spring-boot-starter-data-jpa/2.4.5/spring-boot-starter-data-jpa-2.4.5.jar:/Users/tomate/.m2/repository/org/springframework/boot/spring-boot-starter-aop/2.4.5/spring-boot-starter-aop-2.4.5.jar:/Users/tomate/.m2/repository/org/aspectj/aspectjweaver/1.9.6/aspectjweaver-1.9.6.jar:/Users/tomate/.m2/repository/org/springframework/boot/spring-boot-starter-jdbc/2.4.5/spring-boot-starter-jdbc-2.4.5.jar:/Users/tomate/.m2/repository/com/zaxxer/HikariCP/3.4.5/HikariCP-3.4.5.jar:/Users/tomate/.m2/repository/org/springframework/spring-jdbc/5.3.6/spring-jdbc-5.3.6.jar:/Users/tomate/.m2/repository/jakarta/transaction/jakarta.transaction-api/1.3.3/jakarta.transaction-api-1.3.3.jar:/Users/tomate/.m2/repository/jakarta/persistence/jakarta.persistence-api/2.2.3/jakarta.persistence-api-2.2.3.jar:/Users/tomate/.m2/repository/org/hibernate/hibernate-core/5.4.30.Final/hibernate-core-5.4.30.Final.jar:/Users/tomate/.m2/repository/org/jboss/logging/jboss-logging/3.4.1.Final/jboss-logging-3.4.1.Final.jar:/Users/tomate/.m2/repository/org/javassist/javassist/3.27.0-GA/javassist-3.27.0-GA.jar:/Users/tomate/.m2/repository/net/bytebuddy/byte-buddy/1.10.22/byte-buddy-1.10.22.jar:/Users/tomate/.m2/repository/antlr/antlr/2.7.7/antlr-2.7.7.jar:/Users/tomate/.m2/repository/org/jboss/jandex/2.2.3.Final/jandex-2.2.3.Final.jar:/Users/tomate/.m2/repository/com/fasterxml/classmate/1.5.1/classmate-1.5.1.jar:/Users/tomate/.m2/repository/org/dom4j/dom4j/2.1.3/dom4j-2.1.3.jar:/Users/tomate/.m2/repository/org/hibernate/common/hibernate-commons-annotations/5.1.2.Final/hibernate-commons-annotations-5.1.2.Final.jar:/Users/tomate/.m2/repository/org/glassfish/jaxb/jaxb-runtime/2.3.4/jaxb-runtime-2.3.4.jar:/Users/tomate/.m2/repository/org/glassfish/jaxb/txw2/2.3.4/txw2-2.3.4.jar:/Users/tomate/.m2/repository/com/sun/istack/istack-commons-runtime/3.0.12/istack-commons-runtime-3.0.12.jar:/Users/tomate/.m2/repository/com/sun/activation/jakarta.activation/1.2.2/jakarta.activation-1.2.2.jar:/Users/tomate/.m2/repository/org/springframework/data/spring-data-jpa/2.4.8/spring-data-jpa-2.4.8.jar:/Users/tomate/.m2/repository/org/springframework/data/spring-data-commons/2.4.8/spring-data-commons-2.4.8.jar:/Users/tomate/.m2/repository/org/springframework/spring-orm/5.3.6/spring-orm-5.3.6.jar:/Users/tomate/.m2/repository/org/springframework/spring-tx/5.3.6/spring-tx-5.3.6.jar:/Users/tomate/.m2/repository/org/springframework/spring-aspects/5.3.6/spring-aspects-5.3.6.jar:/Users/tomate/.m2/repository/org/postgresql/postgresql/42.2.19/postgresql-42.2.19.jar:/Users/tomate/.m2/repository/org/checkerframework/checker-qual/3.5.0/checker-qual-3.5.0.jar:/Users/tomate/.m2/repository/org/springframework/boot/spring-boot-starter-validation/2.4.5/spring-boot-starter-validation-2.4.5.jar:/Users/tomate/.m2/repository/org/glassfish/jakarta.el/3.0.3/jakarta.el-3.0.3.jar:/Users/tomate/.m2/repository/org/hibernate/validator/hibernate-validator/6.1.7.Final/hibernate-validator-6.1.7.Final.jar:/Users/tomate/.m2/repository/jakarta/validation/jakarta.validation-api/2.0.2/jakarta.validation-api-2.0.2.jar:/Users/tomate/.m2/repository/ch/qos/logback/logback-classic/1.2.3/logback-classic-1.2.3.jar:/Users/tomate/.m2/repository/org/slf4j/slf4j-api/1.7.30/slf4j-api-1.7.30.jar:/Users/tomate/.m2/repository/ch/qos/logback/logback-core/1.2.3/logback-core-1.2.3.jar:/Users/tomate/.m2/repository/org/springframework/boot/spring-boot-starter-security/2.4.5/spring-boot-starter-security-2.4.5.jar:/Users/tomate/.m2/repository/org/springframework/spring-aop/5.3.6/spring-aop-5.3.6.jar:/Users/tomate/.m2/repository/org/springframework/security/spring-security-config/5.4.6/spring-security-config-5.4.6.jar:/Users/tomate/.m2/repository/org/springframework/security/spring-security-core/5.4.6/spring-security-core-5.4.6.jar:/Users/tomate/.m2/repository/org/springframework/security/spring-security-web/5.4.6/spring-security-web-5.4.6.jar:/Users/tomate/.m2/repository/io/jsonwebtoken/jjwt/0.7.0/jjwt-0.7.0.jar:/Users/tomate/.m2/repository/com/fasterxml/jackson/core/jackson-databind/2.11.4/jackson-databind-2.11.4.jar:/Users/tomate/.m2/repository/org/springframework/cloud/spring-cloud-starter-feign/1.4.7.RELEASE/spring-cloud-starter-feign-1.4.7.RELEASE.jar:/Users/tomate/.m2/repository/org/springframework/cloud/spring-cloud-starter-openfeign/3.0.2/spring-cloud-starter-openfeign-3.0.2.jar:/Users/tomate/.m2/repository/org/springframework/cloud/spring-cloud-starter/3.0.2/spring-cloud-starter-3.0.2.jar:/Users/tomate/.m2/repository/org/springframework/cloud/spring-cloud-context/3.0.2/spring-cloud-context-3.0.2.jar:/Users/tomate/.m2/repository/org/springframework/security/spring-security-rsa/1.0.9.RELEASE/spring-security-rsa-1.0.9.RELEASE.jar:/Users/tomate/.m2/repository/org/bouncycastle/bcpkix-jdk15on/1.64/bcpkix-jdk15on-1.64.jar:/Users/tomate/.m2/repository/org/bouncycastle/bcprov-jdk15on/1.64/bcprov-jdk15on-1.64.jar:/Users/tomate/.m2/repository/org/springframework/cloud/spring-cloud-openfeign-core/3.0.2/spring-cloud-openfeign-core-3.0.2.jar:/Users/tomate/.m2/repository/io/github/openfeign/form/feign-form-spring/3.8.0/feign-form-spring-3.8.0.jar:/Users/tomate/.m2/repository/io/github/openfeign/form/feign-form/3.8.0/feign-form-3.8.0.jar:/Users/tomate/.m2/repository/commons-fileupload/commons-fileupload/1.4/commons-fileupload-1.4.jar:/Users/tomate/.m2/repository/commons-io/commons-io/2.2/commons-io-2.2.jar:/Users/tomate/.m2/repository/org/springframework/cloud/spring-cloud-commons/3.0.2/spring-cloud-commons-3.0.2.jar:/Users/tomate/.m2/repository/org/springframework/security/spring-security-crypto/5.4.6/spring-security-crypto-5.4.6.jar:/Users/tomate/.m2/repository/io/github/openfeign/feign-core/10.10.1/feign-core-10.10.1.jar:/Users/tomate/.m2/repository/io/github/openfeign/feign-slf4j/10.10.1/feign-slf4j-10.10.1.jar:/Users/tomate/.m2/repository/org/junit/jupiter/junit-jupiter-engine/5.4.2/junit-jupiter-engine-5.4.2.jar:/Users/tomate/.m2/repository/org/apiguardian/apiguardian-api/1.0.0/apiguardian-api-1.0.0.jar:/Users/tomate/.m2/repository/org/junit/platform/junit-platform-engine/1.7.1/junit-platform-engine-1.7.1.jar:/Users/tomate/.m2/repository/org/junit/jupiter/junit-jupiter-api/5.4.2/junit-jupiter-api-5.4.2.jar:/Users/tomate/.m2/repository/org/opentest4j/opentest4j/1.1.1/opentest4j-1.1.1.jar:/Users/tomate/.m2/repository/org/junit/platform/junit-platform-commons/1.7.1/junit-platform-commons-1.7.1.jar:/Users/tomate/.m2/repository/org/junit/platform/junit-platform-launcher/1.2.0/junit-platform-launcher-1.2.0.jar:/Users/tomate/.m2/repository/com/h2database/h2/1.4.200/h2-1.4.200.jar:/Users/tomate/.m2/repository/org/springframework/boot/spring-boot-starter-test/2.4.5/spring-boot-starter-test-2.4.5.jar:/Users/tomate/.m2/repository/org/springframework/boot/spring-boot-test/2.4.5/spring-boot-test-2.4.5.jar:/Users/tomate/.m2/repository/org/springframework/boot/spring-boot-test-autoconfigure/2.4.5/spring-boot-test-autoconfigure-2.4.5.jar:/Users/tomate/.m2/repository/com/jayway/jsonpath/json-path/2.4.0/json-path-2.4.0.jar:/Users/tomate/.m2/repository/net/minidev/json-smart/2.3/json-smart-2.3.jar:/Users/tomate/.m2/repository/net/minidev/accessors-smart/1.2/accessors-smart-1.2.jar:/Users/tomate/.m2/repository/org/ow2/asm/asm/5.0.4/asm-5.0.4.jar:/Users/tomate/.m2/repository/jakarta/xml/bind/jakarta.xml.bind-api/2.3.3/jakarta.xml.bind-api-2.3.3.jar:/Users/tomate/.m2/repository/jakarta/activation/jakarta.activation-api/1.2.2/jakarta.activation-api-1.2.2.jar:/Users/tomate/.m2/repository/org/assertj/assertj-core/3.18.1/assertj-core-3.18.1.jar:/Users/tomate/.m2/repository/org/hamcrest/hamcrest/2.2/hamcrest-2.2.jar:/Users/tomate/.m2/repository/org/junit/jupiter/junit-jupiter/5.7.1/junit-jupiter-5.7.1.jar:/Users/tomate/.m2/repository/org/junit/jupiter/junit-jupiter-params/5.7.1/junit-jupiter-params-5.7.1.jar:/Users/tomate/.m2/repository/org/mockito/mockito-core/3.6.28/mockito-core-3.6.28.jar:/Users/tomate/.m2/repository/net/bytebuddy/byte-buddy-agent/1.10.22/byte-buddy-agent-1.10.22.jar:/Users/tomate/.m2/repository/org/objenesis/objenesis/3.1/objenesis-3.1.jar:/Users/tomate/.m2/repository/org/mockito/mockito-junit-jupiter/3.6.28/mockito-junit-jupiter-3.6.28.jar:/Users/tomate/.m2/repository/org/skyscreamer/jsonassert/1.5.0/jsonassert-1.5.0.jar:/Users/tomate/.m2/repository/com/vaadin/external/google/android-json/0.0.20131108.vaadin1/android-json-0.0.20131108.vaadin1.jar:/Users/tomate/.m2/repository/org/springframework/spring-core/5.3.6/spring-core-5.3.6.jar:/Users/tomate/.m2/repository/org/springframework/spring-jcl/5.3.6/spring-jcl-5.3.6.jar:/Users/tomate/.m2/repository/org/springframework/spring-test/5.3.6/spring-test-5.3.6.jar:/Users/tomate/.m2/repository/org/xmlunit/xmlunit-core/2.7.0/xmlunit-core-2.7.0.jar:/Users/tomate/.m2/repository/com/github/tomakehurst/wiremock/1.58/wiremock-1.58.jar:/Users/tomate/.m2/repository/org/apache/httpcomponents/httpclient/4.5.13/httpclient-4.5.13.jar:/Users/tomate/.m2/repository/org/apache/httpcomponents/httpcore/4.4.14/httpcore-4.4.14.jar:/Users/tomate/.m2/repository/commons-codec/commons-codec/1.15/commons-codec-1.15.jar:/Users/tomate/.m2/repository/com/fasterxml/jackson/core/jackson-core/2.11.4/jackson-core-2.11.4.jar:/Users/tomate/.m2/repository/xmlunit/xmlunit/1.6/xmlunit-1.6.jar:/Users/tomate/.m2/repository/org/mortbay/jetty/jetty/6.1.26/jetty-6.1.26.jar:/Users/tomate/.m2/repository/org/mortbay/jetty/jetty-util/6.1.26/jetty-util-6.1.26.jar:/Users/tomate/.m2/repository/org/mortbay/jetty/servlet-api/2.5-20081211/servlet-api-2.5-20081211.jar:/Users/tomate/.m2/repository/com/fasterxml/jackson/core/jackson-annotations/2.11.4/jackson-annotations-2.11.4.jar:/Users/tomate/.m2/repository/net/sf/jopt-simple/jopt-simple/4.9/jopt-simple-4.9.jar:/Users/tomate/.m2/repository/com/google/guava/guava/18.0/guava-18.0.jar:"/>
    <property name="sun.cpu.endian" value="little"/>
    <property name="user.home" value="/Users/tomate"/>
    <property name="user.language" value="pt"/>
    <property name="java.specification.vendor" value="Oracle Corporation"/>
    <property name="java.version.date" value="2020-10-20"/>
    <property name="java.home" value="/Library/Java/JavaVirtualMachines/jdk-11.0.9.jdk/Contents/Home"/>
    <property name="file.separator" value="/"/>
    <property name="basedir" value="/Users/tomate/produtos-favoritos"/>
    <property name="java.vm.compressedOopsMode" value="Zero based"/>
    <property name="line.separator" value="&#10;"/>
    <property name="java.specification.name" value="Java Platform API Specification"/>
    <property name="java.vm.specification.vendor" value="Oracle Corporation"/>
    <property name="FILE_LOG_CHARSET" value="UTF-8"/>
    <property name="java.awt.graphicsenv" value="sun.awt.CGraphicsEnvironment"/>
    <property name="java.awt.headless" value="true"/>
    <property name="idea.version2020.1.1" value="true"/>
    <property name="surefire.real.class.path" value="/Users/tomate/produtos-favoritos/target/surefire/surefirebooter617600529797050719.jar"/>
    <property name="sun.management.compiler" value="HotSpot 64-Bit Tiered Compilers"/>
    <property name="ftp.nonProxyHosts" value="local|*.local|169.254/16|*.169.254/16"/>
    <property name="java.runtime.version" value="11.0.9+7-LTS"/>
    <property name="user.name" value="tomate"/>
    <property name="path.separator" value=":"/>
    <property name="os.version" value="10.16"/>
    <property name="java.runtime.name" value="Java(TM) SE Runtime Environment"/>
    <property name="file.encoding" value="UTF-8"/>
    <property name="spring.beaninfo.ignore" value="true"/>
    <property name="java.vm.name" value="Java HotSpot(TM) 64-Bit Server VM"/>
    <property name="java.vendor.version" value="18.9"/>
    <property name="localRepository" value="/Users/tomate/.m2/repository"/>
    <property name="java.vendor.url.bug" value="https://bugreport.java.com/bugreport/"/>
    <property name="java.io.tmpdir" value="/var/folders/06/2pgylz8d057g5_8yhgpbw69r0000gn/T/"/>
    <property name="com.zaxxer.hikari.pool_number" value="1"/>
    <property name="java.version" value="11.0.9"/>
    <property name="user.dir" value="/Users/tomate/produtos-favoritos"/>
    <property name="os.arch" value="x86_64"/>
    <property name="java.vm.specification.name" value="Java Virtual Machine Specification"/>
    <property name="PID" value="19075"/>
    <property name="java.awt.printerjob" value="sun.lwawt.macosx.CPrinterJob"/>
    <property name="sun.os.patch.level" value="unknown"/>
    <property name="CONSOLE_LOG_CHARSET" value="UTF-8"/>
    <property name="java.library.path" value="/Users/tomate/Library/Java/Extensions:/Library/Java/Extensions:/Network/Library/Java/Extensions:/System/Library/Java/Extensions:/usr/lib/java:."/>
    <property name="java.vendor" value="Oracle Corporation"/>
    <property name="java.vm.info" value="mixed mode"/>
    <property name="java.vm.version" value="11.0.9+7-LTS"/>
    <property name="sun.io.unicode.encoding" value="UnicodeBig"/>
    <property name="java.class.version" value="55.0"/>
    <property name="socksNonProxyHosts" value="local|*.local|169.254/16|*.169.254/16"/>
  </properties>
  <testcase name="devoRetornarClienteNaoEncontradoEntaoRetornaHttp404" classname="com.api.produtosfavoritos.cliente.ConsultaClienteTest" time="1.981">
    <system-out><![CDATA[25-04-2021 22:09:55.859  [INFO ] AbstractTestContextBootstrapper - Neither @ContextConfiguration nor @ContextHierarchy found for test class [com.api.produtosfavoritos.cliente.ConsultaClienteTest], using SpringBootContextLoader
25-04-2021 22:09:55.868  [INFO ] AbstractContextLoader - Could not detect default resource locations for test class [com.api.produtosfavoritos.cliente.ConsultaClienteTest]: no resource found for suffixes {-context.xml, Context.groovy}.
25-04-2021 22:09:55.869  [INFO ] AnnotationConfigContextLoaderUtils - Could not detect default configuration classes for test class [com.api.produtosfavoritos.cliente.ConsultaClienteTest]: ConsultaClienteTest does not declare any static, non-private, non-final, nested classes annotated with @Configuration.
25-04-2021 22:09:56.156  [INFO ] SpringBootTestContextBootstrapper - Found @SpringBootConfiguration com.api.produtosfavoritos.ProdutosFavoritosApplication for test class com.api.produtosfavoritos.cliente.ConsultaClienteTest
25-04-2021 22:09:56.334  [INFO ] AbstractTestContextBootstrapper - Loaded default TestExecutionListener class names from location [META-INF/spring.factories]: [org.springframework.boot.test.mock.mockito.MockitoTestExecutionListener, org.springframework.boot.test.mock.mockito.ResetMocksTestExecutionListener, org.springframework.boot.test.autoconfigure.restdocs.RestDocsTestExecutionListener, org.springframework.boot.test.autoconfigure.web.client.MockRestServiceServerResetTestExecutionListener, org.springframework.boot.test.autoconfigure.web.servlet.MockMvcPrintOnlyOnFailureTestExecutionListener, org.springframework.boot.test.autoconfigure.web.servlet.WebDriverTestExecutionListener, org.springframework.boot.test.autoconfigure.webservices.client.MockWebServiceServerTestExecutionListener, org.springframework.test.context.web.ServletTestExecutionListener, org.springframework.test.context.support.DirtiesContextBeforeModesTestExecutionListener, org.springframework.test.context.event.ApplicationEventsTestExecutionListener, org.springframework.test.context.support.DependencyInjectionTestExecutionListener, org.springframework.test.context.support.DirtiesContextTestExecutionListener, org.springframework.test.context.transaction.TransactionalTestExecutionListener, org.springframework.test.context.jdbc.SqlScriptsTestExecutionListener, org.springframework.test.context.event.EventPublishingTestExecutionListener]
25-04-2021 22:09:56.386  [INFO ] AbstractTestContextBootstrapper - Using TestExecutionListeners: [org.springframework.test.context.web.ServletTestExecutionListener@3f19b8b3, org.springframework.test.context.support.DirtiesContextBeforeModesTestExecutionListener@7de0c6ae, org.springframework.test.context.event.ApplicationEventsTestExecutionListener@a486d78, org.springframework.boot.test.mock.mockito.MockitoTestExecutionListener@cdc3aae, org.springframework.boot.test.autoconfigure.SpringBootDependencyInjectionTestExecutionListener@7ef2d7a6, org.springframework.test.context.support.DirtiesContextTestExecutionListener@5dcbb60, org.springframework.test.context.transaction.TransactionalTestExecutionListener@4c36250e, org.springframework.test.context.jdbc.SqlScriptsTestExecutionListener@21526f6c, org.springframework.test.context.event.EventPublishingTestExecutionListener@49f5c307, org.springframework.boot.test.mock.mockito.ResetMocksTestExecutionListener@299266e2, org.springframework.boot.test.autoconfigure.restdocs.RestDocsTestExecutionListener@5471388b, org.springframework.boot.test.autoconfigure.web.client.MockRestServiceServerResetTestExecutionListener@66ea1466, org.springframework.boot.test.autoconfigure.web.servlet.MockMvcPrintOnlyOnFailureTestExecutionListener@1601e47, org.springframework.boot.test.autoconfigure.web.servlet.WebDriverTestExecutionListener@3bffddff, org.springframework.boot.test.autoconfigure.webservices.client.MockWebServiceServerTestExecutionListener@66971f6b]
25-04-2021 22:09:57.571  [INFO ] Version - HV000001: Hibernate Validator 6.1.7.Final
25-04-2021 22:09:57.608  [INFO ] StartupInfoLogger - Starting ConsultaClienteTest using Java 11.0.9 on MacBook-Pro-de-Helder.local with PID 19075 (started by tomate in /Users/tomate/produtos-favoritos)
25-04-2021 22:09:57.610  [INFO ] SpringApplication - No active profile set, falling back to default profiles: default
25-04-2021 22:09:58.784  [INFO ] RepositoryConfigurationDelegate - Bootstrapping Spring Data JPA repositories in DEFAULT mode.
25-04-2021 22:09:58.911  [INFO ] RepositoryConfigurationDelegate - Finished Spring Data repository scanning in 115 ms. Found 2 JPA repository interfaces.
25-04-2021 22:09:59.336  [INFO ] GenericScope - BeanFactory id=80d79ffb-84db-3912-abf5-6e8395485b23
25-04-2021 22:09:59.792  [INFO ] PostProcessorRegistrationDelegate$BeanPostProcessorChecker - Bean 'org.springframework.security.access.expression.method.DefaultMethodSecurityExpressionHandler@7186b202' of type [org.springframework.security.access.expression.method.DefaultMethodSecurityExpressionHandler] is not eligible for getting processed by all BeanPostProcessors (for example: not eligible for auto-proxying)
25-04-2021 22:09:59.806  [INFO ] PostProcessorRegistrationDelegate$BeanPostProcessorChecker - Bean 'methodSecurityMetadataSource' of type [org.springframework.security.access.method.DelegatingMethodSecurityMetadataSource] is not eligible for getting processed by all BeanPostProcessors (for example: not eligible for auto-proxying)
25-04-2021 22:10:00.037  [INFO ] HikariDataSource - HikariPool-1 - Starting...
25-04-2021 22:10:00.363  [INFO ] HikariDataSource - HikariPool-1 - Start completed.
25-04-2021 22:10:00.634  [INFO ] LogHelper - HHH000204: Processing PersistenceUnitInfo [name: default]
25-04-2021 22:10:00.732  [INFO ] Version - HHH000412: Hibernate ORM core version 5.4.30.Final
25-04-2021 22:10:00.963  [INFO ] JavaReflectionManager - HCANN000001: Hibernate Commons Annotations {5.1.2.Final}
25-04-2021 22:10:01.153  [INFO ] Dialect - HHH000400: Using dialect: org.hibernate.dialect.H2Dialect
25-04-2021 22:10:02.227  [INFO ] JtaPlatformInitiator - HHH000490: Using JtaPlatform implementation: [org.hibernate.engine.transaction.jta.platform.internal.NoJtaPlatform]
25-04-2021 22:10:02.276  [INFO ] AbstractEntityManagerFactoryBean - Initialized JPA EntityManagerFactory for persistence unit 'default'
25-04-2021 22:10:03.014  [WARN ] JpaBaseConfiguration$JpaWebConfiguration - spring.jpa.open-in-view is enabled by default. Therefore, database queries may be performed during view rendering. Explicitly configure spring.jpa.open-in-view to disable this warning
25-04-2021 22:10:03.933  [INFO ] DefaultSecurityFilterChain - Will secure any request with [org.springframework.security.web.context.request.async.WebAsyncManagerIntegrationFilter@31434b63, org.springframework.security.web.context.SecurityContextPersistenceFilter@4d4bac56, org.springframework.security.web.header.HeaderWriterFilter@76ee7301, org.springframework.web.filter.CorsFilter@64d42d3d, org.springframework.security.web.authentication.logout.LogoutFilter@49654a35, com.api.produtosfavoritos.security.JwtAuthenticationFilter@24558113, com.api.produtosfavoritos.security.JwtAuthorizationFilter@3d5e0bf0, org.springframework.security.web.savedrequest.RequestCacheAwareFilter@656672fb, org.springframework.security.web.servletapi.SecurityContextHolderAwareRequestFilter@25e24908, org.springframework.security.web.authentication.AnonymousAuthenticationFilter@166d576b, org.springframework.security.web.session.SessionManagementFilter@ad585fb, org.springframework.security.web.access.ExceptionTranslationFilter@34c07ecc, org.springframework.security.web.access.intercept.FilterSecurityInterceptor@475eb4fd]
25-04-2021 22:10:04.638  [INFO ] ExecutorConfigurationSupport - Initializing ExecutorService 'applicationTaskExecutor'
25-04-2021 22:10:05.138  [INFO ] MockServletContext - Initializing Spring TestDispatcherServlet ''
25-04-2021 22:10:05.139  [INFO ] FrameworkServlet - Initializing Servlet ''
25-04-2021 22:10:05.140  [INFO ] FrameworkServlet - Completed initialization in 1 ms
25-04-2021 22:10:05.277  [INFO ] StartupInfoLogger - Started ConsultaClienteTest in 8.779 seconds (JVM running for 11.543)
25-04-2021 22:10:05.725 97b8b358-77fc-40c6-8651-bc3eb91daa32 [INFO ] CorrelationIDInterceptor - correlation ID :97b8b358-77fc-40c6-8651-bc3eb91daa32
25-04-2021 22:10:05.971 97b8b358-77fc-40c6-8651-bc3eb91daa32 [INFO ] ControllerCliente - Mapeamento do cliente realizado com sucesso: Cliente{nome='helder'}
25-04-2021 22:10:06.042 97b8b358-77fc-40c6-8651-bc3eb91daa32 [INFO ] ControllerCliente - Cliente salvo com sucesso: Cliente{nome='helder'}
25-04-2021 22:10:07.233 753e911f-aad6-4aa2-8803-97a481c67bf9 [INFO ] CorrelationIDInterceptor - correlation ID :753e911f-aad6-4aa2-8803-97a481c67bf9
25-04-2021 22:10:07.258 753e911f-aad6-4aa2-8803-97a481c67bf9 [INFO ] ControllerCliente - Cliente consultado com sucesso: 
25-04-2021 22:10:07.264 753e911f-aad6-4aa2-8803-97a481c67bf9 [ERROR] AdviceController - Erro de entidade nao encontrada: Unable to find com.api.produtosfavoritos.cliente.Cliente with id a267c21f-78fb-4745-a299-412f8a7f363d6
]]></system-out>
  </testcase>
  <testcase name="devoConsultarOClienteEntaoRetornaHttp200eRecurso" classname="com.api.produtosfavoritos.cliente.ConsultaClienteTest" time="0.321">
    <system-out><![CDATA[25-04-2021 22:10:07.302 4cedf87e-a498-4467-bca4-77331a6b7f20 [INFO ] CorrelationIDInterceptor - correlation ID :4cedf87e-a498-4467-bca4-77331a6b7f20
25-04-2021 22:10:07.303 4cedf87e-a498-4467-bca4-77331a6b7f20 [INFO ] ControllerCliente - Mapeamento do cliente realizado com sucesso: Cliente{nome='helder'}
25-04-2021 22:10:07.305 4cedf87e-a498-4467-bca4-77331a6b7f20 [INFO ] ControllerCliente - Cliente salvo com sucesso: Cliente{nome='helder'}
25-04-2021 22:10:07.592 18756bd4-7ff8-4efd-b531-8b22e053283f [INFO ] CorrelationIDInterceptor - correlation ID :18756bd4-7ff8-4efd-b531-8b22e053283f
25-04-2021 22:10:07.593 18756bd4-7ff8-4efd-b531-8b22e053283f [INFO ] ControllerCliente - Cliente consultado com sucesso: 
25-04-2021 22:10:07.595 18756bd4-7ff8-4efd-b531-8b22e053283f [INFO ] ControllerCliente - Mapeamento do dto feito com sucesso: Cliente{nome='helder'}
]]></system-out>
  </testcase>
</testsuite>