<?xml version="1.0" encoding="UTF-8"?>
<testsuite xmlns:xsi="http://www.w3.org/2001/XMLSchema-instance" xsi:noNamespaceSchemaLocation="https://maven.apache.org/surefire/maven-surefire-plugin/xsd/surefire-test-report-3.0.xsd" version="3.0" name="com.api.produtosfavoritos.produtofavorito.CadastroProdutoFavoritoTest" time="1.338" tests="4" errors="0" skipped="0" failures="0">
  <properties>
    <property name="gopherProxySet" value="false"/>
    <property name="awt.toolkit" value="sun.lwawt.macosx.LWCToolkit"/>
    <property name="java.specification.version" value="11"/>
    <property name="sun.cpu.isalist" value=""/>
    <property name="sun.jnu.encoding" value="UTF-8"/>
    <property name="java.class.path" value="/Users/tomate/produtos-favoritos/target/test-classes:/Users/tomate/produtos-favoritos/target/classes:/Users/tomate/.m2/repository/org/springframework/boot/spring-boot-starter-web/2.4.5/spring-boot-starter-web-2.4.5.jar:/Users/tomate/.m2/repository/org/springframework/boot/spring-boot-starter/2.4.5/spring-boot-starter-2.4.5.jar:/Users/tomate/.m2/repository/org/springframework/boot/spring-boot/2.4.5/spring-boot-2.4.5.jar:/Users/tomate/.m2/repository/org/springframework/boot/spring-boot-autoconfigure/2.4.5/spring-boot-autoconfigure-2.4.5.jar:/Users/tomate/.m2/repository/org/springframework/boot/spring-boot-starter-logging/2.4.5/spring-boot-starter-logging-2.4.5.jar:/Users/tomate/.m2/repository/org/apache/logging/log4j/log4j-to-slf4j/2.13.3/log4j-to-slf4j-2.13.3.jar:/Users/tomate/.m2/repository/org/apache/logging/log4j/log4j-api/2.13.3/log4j-api-2.13.3.jar:/Users/tomate/.m2/repository/org/slf4j/jul-to-slf4j/1.7.30/jul-to-slf4j-1.7.30.jar:/Users/tomate/.m2/repository/jakarta/annotation/jakarta.annotation-api/1.3.5/jakarta.annotation-api-1.3.5.jar:/Users/tomate/.m2/repository/org/yaml/snakeyaml/1.27/snakeyaml-1.27.jar:/Users/tomate/.m2/repository/org/springframework/boot/spring-boot-starter-json/2.4.5/spring-boot-starter-json-2.4.5.jar:/Users/tomate/.m2/repository/com/fasterxml/jackson/datatype/jackson-datatype-jdk8/2.11.4/jackson-datatype-jdk8-2.11.4.jar:/Users/tomate/.m2/repository/com/fasterxml/jackson/datatype/jackson-datatype-jsr310/2.11.4/jackson-datatype-jsr310-2.11.4.jar:/Users/tomate/.m2/repository/com/fasterxml/jackson/module/jackson-module-parameter-names/2.11.4/jackson-module-parameter-names-2.11.4.jar:/Users/tomate/.m2/repository/org/springframework/boot/spring-boot-starter-tomcat/2.4.5/spring-boot-starter-tomcat-2.4.5.jar:/Users/tomate/.m2/repository/org/apache/tomcat/embed/tomcat-embed-core/9.0.45/tomcat-embed-core-9.0.45.jar:/Users/tomate/.m2/repository/org/apache/tomcat/embed/tomcat-embed-websocket/9.0.45/tomcat-embed-websocket-9.0.45.jar:/Users/tomate/.m2/repository/org/springframework/spring-web/5.3.6/spring-web-5.3.6.jar:/Users/tomate/.m2/repository/org/springframework/spring-beans/5.3.6/spring-beans-5.3.6.jar:/Users/tomate/.m2/repository/org/springframework/spring-webmvc/5.3.6/spring-webmvc-5.3.6.jar:/Users/tomate/.m2/repository/org/springframework/spring-context/5.3.6/spring-context-5.3.6.jar:/Users/tomate/.m2/repository/org/springframework/spring-expression/5.3.6/spring-expression-5.3.6.jar:/Users/tomate/.m2/repository/org/modelmapper/modelmapper/2.4.1/modelmapper-2.4.1.jar:/Users/tomate/.m2/repository/org/springframework/boot/spring-boot-starter-data-jpa/2.4.5/spring-boot-starter-data-jpa-2.4.5.jar:/Users/tomate/.m2/repository/org/springframework/boot/spring-boot-starter-aop/2.4.5/spring-boot-starter-aop-2.4.5.jar:/Users/tomate/.m2/repository/org/aspectj/aspectjweaver/1.9.6/aspectjweaver-1.9.6.jar:/Users/tomate/.m2/repository/org/springframework/boot/spring-boot-starter-jdbc/2.4.5/spring-boot-starter-jdbc-2.4.5.jar:/Users/tomate/.m2/repository/com/zaxxer/HikariCP/3.4.5/HikariCP-3.4.5.jar:/Users/tomate/.m2/repository/org/springframework/spring-jdbc/5.3.6/spring-jdbc-5.3.6.jar:/Users/tomate/.m2/repository/jakarta/transaction/jakarta.transaction-api/1.3.3/jakarta.transaction-api-1.3.3.jar:/Users/tomate/.m2/repository/jakarta/persistence/jakarta.persistence-api/2.2.3/jakarta.persistence-api-2.2.3.jar:/Users/tomate/.m2/repository/org/hibernate/hibernate-core/5.4.30.Final/hibernate-core-5.4.30.Final.jar:/Users/tomate/.m2/repository/org/jboss/logging/jboss-logging/3.4.1.Final/jboss-logging-3.4.1.Final.jar:/Users/tomate/.m2/repository/org/javassist/javassist/3.27.0-GA/javassist-3.27.0-GA.jar:/Users/tomate/.m2/repository/net/bytebuddy/byte-buddy/1.10.22/byte-buddy-1.10.22.jar:/Users/tomate/.m2/repository/antlr/antlr/2.7.7/antlr-2.7.7.jar:/Users/tomate/.m2/repository/org/jboss/jandex/2.2.3.Final/jandex-2.2.3.Final.jar:/Users/tomate/.m2/repository/com/fasterxml/classmate/1.5.1/classmate-1.5.1.jar:/Users/tomate/.m2/repository/org/dom4j/dom4j/2.1.3/dom4j-2.1.3.jar:/Users/tomate/.m2/repository/org/hibernate/common/hibernate-commons-annotations/5.1.2.Final/hibernate-commons-annotations-5.1.2.Final.jar:/Users/tomate/.m2/repository/org/glassfish/jaxb/jaxb-runtime/2.3.4/jaxb-runtime-2.3.4.jar:/Users/tomate/.m2/repository/org/glassfish/jaxb/txw2/2.3.4/txw2-2.3.4.jar:/Users/tomate/.m2/repository/com/sun/istack/istack-commons-runtime/3.0.12/istack-commons-runtime-3.0.12.jar:/Users/tomate/.m2/repository/com/sun/activation/jakarta.activation/1.2.2/jakarta.activation-1.2.2.jar:/Users/tomate/.m2/repository/org/springframework/data/spring-data-jpa/2.4.8/spring-data-jpa-2.4.8.jar:/Users/tomate/.m2/repository/org/springframework/data/spring-data-commons/2.4.8/spring-data-commons-2.4.8.jar:/Users/tomate/.m2/repository/org/springframework/spring-orm/5.3.6/spring-orm-5.3.6.jar:/Users/tomate/.m2/repository/org/springframework/spring-tx/5.3.6/spring-tx-5.3.6.jar:/Users/tomate/.m2/repository/org/springframework/spring-aspects/5.3.6/spring-aspects-5.3.6.jar:/Users/tomate/.m2/repository/org/postgresql/postgresql/42.2.19/postgresql-42.2.19.jar:/Users/tomate/.m2/repository/org/checkerframework/checker-qual/3.5.0/checker-qual-3.5.0.jar:/Users/tomate/.m2/repository/org/springframework/boot/spring-boot-starter-validation/2.4.5/spring-boot-starter-validation-2.4.5.jar:/Users/tomate/.m2/repository/org/glassfish/jakarta.el/3.0.3/jakarta.el-3.0.3.jar:/Users/tomate/.m2/repository/org/hibernate/validator/hibernate-validator/6.1.7.Final/hibernate-validator-6.1.7.Final.jar:/Users/tomate/.m2/repository/jakarta/validation/jakarta.validation-api/2.0.2/jakarta.validation-api-2.0.2.jar:/Users/tomate/.m2/repository/ch/qos/logback/logback-classic/1.2.3/logback-classic-1.2.3.jar:/Users/tomate/.m2/repository/org/slf4j/slf4j-api/1.7.30/slf4j-api-1.7.30.jar:/Users/tomate/.m2/repository/ch/qos/logback/logback-core/1.2.3/logback-core-1.2.3.jar:/Users/tomate/.m2/repository/org/springframework/boot/spring-boot-starter-security/2.4.5/spring-boot-starter-security-2.4.5.jar:/Users/tomate/.m2/repository/org/springframework/spring-aop/5.3.6/spring-aop-5.3.6.jar:/Users/tomate/.m2/repository/org/springframework/security/spring-security-config/5.4.6/spring-security-config-5.4.6.jar:/Users/tomate/.m2/repository/org/springframework/security/spring-security-core/5.4.6/spring-security-core-5.4.6.jar:/Users/tomate/.m2/repository/org/springframework/security/spring-security-web/5.4.6/spring-security-web-5.4.6.jar:/Users/tomate/.m2/repository/io/jsonwebtoken/jjwt/0.7.0/jjwt-0.7.0.jar:/Users/tomate/.m2/repository/com/fasterxml/jackson/core/jackson-databind/2.11.4/jackson-databind-2.11.4.jar:/Users/tomate/.m2/repository/org/springframework/cloud/spring-cloud-starter-feign/1.4.7.RELEASE/spring-cloud-starter-feign-1.4.7.RELEASE.jar:/Users/tomate/.m2/repository/org/springframework/cloud/spring-cloud-starter-openfeign/3.0.2/spring-cloud-starter-openfeign-3.0.2.jar:/Users/tomate/.m2/repository/org/springframework/cloud/spring-cloud-starter/3.0.2/spring-cloud-starter-3.0.2.jar:/Users/tomate/.m2/repository/org/springframework/cloud/spring-cloud-context/3.0.2/spring-cloud-context-3.0.2.jar:/Users/tomate/.m2/repository/org/springframework/security/spring-security-rsa/1.0.9.RELEASE/spring-security-rsa-1.0.9.RELEASE.jar:/Users/tomate/.m2/repository/org/bouncycastle/bcpkix-jdk15on/1.64/bcpkix-jdk15on-1.64.jar:/Users/tomate/.m2/repository/org/bouncycastle/bcprov-jdk15on/1.64/bcprov-jdk15on-1.64.jar:/Users/tomate/.m2/repository/org/springframework/cloud/spring-cloud-openfeign-core/3.0.2/spring-cloud-openfeign-core-3.0.2.jar:/Users/tomate/.m2/repository/io/github/openfeign/form/feign-form-spring/3.8.0/feign-form-spring-3.8.0.jar:/Users/tomate/.m2/repository/io/github/openfeign/form/feign-form/3.8.0/feign-form-3.8.0.jar:/Users/tomate/.m2/repository/commons-fileupload/commons-fileupload/1.4/commons-fileupload-1.4.jar:/Users/tomate/.m2/repository/commons-io/commons-io/2.2/commons-io-2.2.jar:/Users/tomate/.m2/repository/org/springframework/cloud/spring-cloud-commons/3.0.2/spring-cloud-commons-3.0.2.jar:/Users/tomate/.m2/repository/org/springframework/security/spring-security-crypto/5.4.6/spring-security-crypto-5.4.6.jar:/Users/tomate/.m2/repository/io/github/openfeign/feign-core/10.10.1/feign-core-10.10.1.jar:/Users/tomate/.m2/repository/io/github/openfeign/feign-slf4j/10.10.1/feign-slf4j-10.10.1.jar:/Users/tomate/.m2/repository/org/junit/jupiter/junit-jupiter-engine/5.4.2/junit-jupiter-engine-5.4.2.jar:/Users/tomate/.m2/repository/org/apiguardian/apiguardian-api/1.0.0/apiguardian-api-1.0.0.jar:/Users/tomate/.m2/repository/org/junit/platform/junit-platform-engine/1.7.1/junit-platform-engine-1.7.1.jar:/Users/tomate/.m2/repository/org/junit/jupiter/junit-jupiter-api/5.4.2/junit-jupiter-api-5.4.2.jar:/Users/tomate/.m2/repository/org/opentest4j/opentest4j/1.1.1/opentest4j-1.1.1.jar:/Users/tomate/.m2/repository/org/junit/platform/junit-platform-commons/1.7.1/junit-platform-commons-1.7.1.jar:/Users/tomate/.m2/repository/org/junit/platform/junit-platform-launcher/1.2.0/junit-platform-launcher-1.2.0.jar:/Users/tomate/.m2/repository/com/h2database/h2/1.4.200/h2-1.4.200.jar:/Users/tomate/.m2/repository/org/springframework/boot/spring-boot-starter-test/2.4.5/spring-boot-starter-test-2.4.5.jar:/Users/tomate/.m2/repository/org/springframework/boot/spring-boot-test/2.4.5/spring-boot-test-2.4.5.jar:/Users/tomate/.m2/repository/org/springframework/boot/spring-boot-test-autoconfigure/2.4.5/spring-boot-test-autoconfigure-2.4.5.jar:/Users/tomate/.m2/repository/com/jayway/jsonpath/json-path/2.4.0/json-path-2.4.0.jar:/Users/tomate/.m2/repository/net/minidev/json-smart/2.3/json-smart-2.3.jar:/Users/tomate/.m2/repository/net/minidev/accessors-smart/1.2/accessors-smart-1.2.jar:/Users/tomate/.m2/repository/org/ow2/asm/asm/5.0.4/asm-5.0.4.jar:/Users/tomate/.m2/repository/jakarta/xml/bind/jakarta.xml.bind-api/2.3.3/jakarta.xml.bind-api-2.3.3.jar:/Users/tomate/.m2/repository/jakarta/activation/jakarta.activation-api/1.2.2/jakarta.activation-api-1.2.2.jar:/Users/tomate/.m2/repository/org/assertj/assertj-core/3.18.1/assertj-core-3.18.1.jar:/Users/tomate/.m2/repository/org/hamcrest/hamcrest/2.2/hamcrest-2.2.jar:/Users/tomate/.m2/repository/org/junit/jupiter/junit-jupiter/5.7.1/junit-jupiter-5.7.1.jar:/Users/tomate/.m2/repository/org/junit/jupiter/junit-jupiter-params/5.7.1/junit-jupiter-params-5.7.1.jar:/Users/tomate/.m2/repository/org/mockito/mockito-core/3.6.28/mockito-core-3.6.28.jar:/Users/tomate/.m2/repository/net/bytebuddy/byte-buddy-agent/1.10.22/byte-buddy-agent-1.10.22.jar:/Users/tomate/.m2/repository/org/objenesis/objenesis/3.1/objenesis-3.1.jar:/Users/tomate/.m2/repository/org/mockito/mockito-junit-jupiter/3.6.28/mockito-junit-jupiter-3.6.28.jar:/Users/tomate/.m2/repository/org/skyscreamer/jsonassert/1.5.0/jsonassert-1.5.0.jar:/Users/tomate/.m2/repository/com/vaadin/external/google/android-json/0.0.20131108.vaadin1/android-json-0.0.20131108.vaadin1.jar:/Users/tomate/.m2/repository/org/springframework/spring-core/5.3.6/spring-core-5.3.6.jar:/Users/tomate/.m2/repository/org/springframework/spring-jcl/5.3.6/spring-jcl-5.3.6.jar:/Users/tomate/.m2/repository/org/springframework/spring-test/5.3.6/spring-test-5.3.6.jar:/Users/tomate/.m2/repository/org/xmlunit/xmlunit-core/2.7.0/xmlunit-core-2.7.0.jar:/Users/tomate/.m2/repository/com/github/tomakehurst/wiremock/1.58/wiremock-1.58.jar:/Users/tomate/.m2/repository/org/apache/httpcomponents/httpclient/4.5.13/httpclient-4.5.13.jar:/Users/tomate/.m2/repository/org/apache/httpcomponents/httpcore/4.4.14/httpcore-4.4.14.jar:/Users/tomate/.m2/repository/commons-codec/commons-codec/1.15/commons-codec-1.15.jar:/Users/tomate/.m2/repository/com/fasterxml/jackson/core/jackson-core/2.11.4/jackson-core-2.11.4.jar:/Users/tomate/.m2/repository/xmlunit/xmlunit/1.6/xmlunit-1.6.jar:/Users/tomate/.m2/repository/org/mortbay/jetty/jetty/6.1.26/jetty-6.1.26.jar:/Users/tomate/.m2/repository/org/mortbay/jetty/jetty-util/6.1.26/jetty-util-6.1.26.jar:/Users/tomate/.m2/repository/org/mortbay/jetty/servlet-api/2.5-20081211/servlet-api-2.5-20081211.jar:/Users/tomate/.m2/repository/com/fasterxml/jackson/core/jackson-annotations/2.11.4/jackson-annotations-2.11.4.jar:/Users/tomate/.m2/repository/net/sf/jopt-simple/jopt-simple/4.9/jopt-simple-4.9.jar:/Users/tomate/.m2/repository/com/google/guava/guava/18.0/guava-18.0.jar:"/>
    <property name="java.vm.vendor" value="Oracle Corporation"/>
    <property name="sun.arch.data.model" value="64"/>
    <property name="java.vendor.url" value="https://openjdk.java.net/"/>
    <property name="catalina.useNaming" value="false"/>
    <property name="user.timezone" value="America/Sao_Paulo"/>
    <property name="java.vm.specification.version" value="11"/>
    <property name="os.name" value="Mac OS X"/>
    <property name="sun.java.launcher" value="SUN_STANDARD"/>
    <property name="user.country" value="BR"/>
    <property name="sun.boot.library.path" value="/Library/Java/JavaVirtualMachines/jdk-11.0.9.jdk/Contents/Home/lib"/>
    <property name="sun.java.command" value="/Users/tomate/produtos-favoritos/target/surefire/surefirebooter14315375123891681067.jar /Users/tomate/produtos-favoritos/target/surefire 2021-04-26T21-44-45_491-jvmRun1 surefire13866322317911302653tmp surefire_018199712571511251371tmp"/>
    <property name="http.nonProxyHosts" value="local|*.local|169.254/16|*.169.254/16"/>
    <property name="jdk.debug" value="release"/>
    <property name="surefire.test.class.path" value="/Users/tomate/produtos-favoritos/target/test-classes:/Users/tomate/produtos-favoritos/target/classes:/Users/tomate/.m2/repository/org/springframework/boot/spring-boot-starter-web/2.4.5/spring-boot-starter-web-2.4.5.jar:/Users/tomate/.m2/repository/org/springframework/boot/spring-boot-starter/2.4.5/spring-boot-starter-2.4.5.jar:/Users/tomate/.m2/repository/org/springframework/boot/spring-boot/2.4.5/spring-boot-2.4.5.jar:/Users/tomate/.m2/repository/org/springframework/boot/spring-boot-autoconfigure/2.4.5/spring-boot-autoconfigure-2.4.5.jar:/Users/tomate/.m2/repository/org/springframework/boot/spring-boot-starter-logging/2.4.5/spring-boot-starter-logging-2.4.5.jar:/Users/tomate/.m2/repository/org/apache/logging/log4j/log4j-to-slf4j/2.13.3/log4j-to-slf4j-2.13.3.jar:/Users/tomate/.m2/repository/org/apache/logging/log4j/log4j-api/2.13.3/log4j-api-2.13.3.jar:/Users/tomate/.m2/repository/org/slf4j/jul-to-slf4j/1.7.30/jul-to-slf4j-1.7.30.jar:/Users/tomate/.m2/repository/jakarta/annotation/jakarta.annotation-api/1.3.5/jakarta.annotation-api-1.3.5.jar:/Users/tomate/.m2/repository/org/yaml/snakeyaml/1.27/snakeyaml-1.27.jar:/Users/tomate/.m2/repository/org/springframework/boot/spring-boot-starter-json/2.4.5/spring-boot-starter-json-2.4.5.jar:/Users/tomate/.m2/repository/com/fasterxml/jackson/datatype/jackson-datatype-jdk8/2.11.4/jackson-datatype-jdk8-2.11.4.jar:/Users/tomate/.m2/repository/com/fasterxml/jackson/datatype/jackson-datatype-jsr310/2.11.4/jackson-datatype-jsr310-2.11.4.jar:/Users/tomate/.m2/repository/com/fasterxml/jackson/module/jackson-module-parameter-names/2.11.4/jackson-module-parameter-names-2.11.4.jar:/Users/tomate/.m2/repository/org/springframework/boot/spring-boot-starter-tomcat/2.4.5/spring-boot-starter-tomcat-2.4.5.jar:/Users/tomate/.m2/repository/org/apache/tomcat/embed/tomcat-embed-core/9.0.45/tomcat-embed-core-9.0.45.jar:/Users/tomate/.m2/repository/org/apache/tomcat/embed/tomcat-embed-websocket/9.0.45/tomcat-embed-websocket-9.0.45.jar:/Users/tomate/.m2/repository/org/springframework/spring-web/5.3.6/spring-web-5.3.6.jar:/Users/tomate/.m2/repository/org/springframework/spring-beans/5.3.6/spring-beans-5.3.6.jar:/Users/tomate/.m2/repository/org/springframework/spring-webmvc/5.3.6/spring-webmvc-5.3.6.jar:/Users/tomate/.m2/repository/org/springframework/spring-context/5.3.6/spring-context-5.3.6.jar:/Users/tomate/.m2/repository/org/springframework/spring-expression/5.3.6/spring-expression-5.3.6.jar:/Users/tomate/.m2/repository/org/modelmapper/modelmapper/2.4.1/modelmapper-2.4.1.jar:/Users/tomate/.m2/repository/org/springframework/boot/spring-boot-starter-data-jpa/2.4.5/spring-boot-starter-data-jpa-2.4.5.jar:/Users/tomate/.m2/repository/org/springframework/boot/spring-boot-starter-aop/2.4.5/spring-boot-starter-aop-2.4.5.jar:/Users/tomate/.m2/repository/org/aspectj/aspectjweaver/1.9.6/aspectjweaver-1.9.6.jar:/Users/tomate/.m2/repository/org/springframework/boot/spring-boot-starter-jdbc/2.4.5/spring-boot-starter-jdbc-2.4.5.jar:/Users/tomate/.m2/repository/com/zaxxer/HikariCP/3.4.5/HikariCP-3.4.5.jar:/Users/tomate/.m2/repository/org/springframework/spring-jdbc/5.3.6/spring-jdbc-5.3.6.jar:/Users/tomate/.m2/repository/jakarta/transaction/jakarta.transaction-api/1.3.3/jakarta.transaction-api-1.3.3.jar:/Users/tomate/.m2/repository/jakarta/persistence/jakarta.persistence-api/2.2.3/jakarta.persistence-api-2.2.3.jar:/Users/tomate/.m2/repository/org/hibernate/hibernate-core/5.4.30.Final/hibernate-core-5.4.30.Final.jar:/Users/tomate/.m2/repository/org/jboss/logging/jboss-logging/3.4.1.Final/jboss-logging-3.4.1.Final.jar:/Users/tomate/.m2/repository/org/javassist/javassist/3.27.0-GA/javassist-3.27.0-GA.jar:/Users/tomate/.m2/repository/net/bytebuddy/byte-buddy/1.10.22/byte-buddy-1.10.22.jar:/Users/tomate/.m2/repository/antlr/antlr/2.7.7/antlr-2.7.7.jar:/Users/tomate/.m2/repository/org/jboss/jandex/2.2.3.Final/jandex-2.2.3.Final.jar:/Users/tomate/.m2/repository/com/fasterxml/classmate/1.5.1/classmate-1.5.1.jar:/Users/tomate/.m2/repository/org/dom4j/dom4j/2.1.3/dom4j-2.1.3.jar:/Users/tomate/.m2/repository/org/hibernate/common/hibernate-commons-annotations/5.1.2.Final/hibernate-commons-annotations-5.1.2.Final.jar:/Users/tomate/.m2/repository/org/glassfish/jaxb/jaxb-runtime/2.3.4/jaxb-runtime-2.3.4.jar:/Users/tomate/.m2/repository/org/glassfish/jaxb/txw2/2.3.4/txw2-2.3.4.jar:/Users/tomate/.m2/repository/com/sun/istack/istack-commons-runtime/3.0.12/istack-commons-runtime-3.0.12.jar:/Users/tomate/.m2/repository/com/sun/activation/jakarta.activation/1.2.2/jakarta.activation-1.2.2.jar:/Users/tomate/.m2/repository/org/springframework/data/spring-data-jpa/2.4.8/spring-data-jpa-2.4.8.jar:/Users/tomate/.m2/repository/org/springframework/data/spring-data-commons/2.4.8/spring-data-commons-2.4.8.jar:/Users/tomate/.m2/repository/org/springframework/spring-orm/5.3.6/spring-orm-5.3.6.jar:/Users/tomate/.m2/repository/org/springframework/spring-tx/5.3.6/spring-tx-5.3.6.jar:/Users/tomate/.m2/repository/org/springframework/spring-aspects/5.3.6/spring-aspects-5.3.6.jar:/Users/tomate/.m2/repository/org/postgresql/postgresql/42.2.19/postgresql-42.2.19.jar:/Users/tomate/.m2/repository/org/checkerframework/checker-qual/3.5.0/checker-qual-3.5.0.jar:/Users/tomate/.m2/repository/org/springframework/boot/spring-boot-starter-validation/2.4.5/spring-boot-starter-validation-2.4.5.jar:/Users/tomate/.m2/repository/org/glassfish/jakarta.el/3.0.3/jakarta.el-3.0.3.jar:/Users/tomate/.m2/repository/org/hibernate/validator/hibernate-validator/6.1.7.Final/hibernate-validator-6.1.7.Final.jar:/Users/tomate/.m2/repository/jakarta/validation/jakarta.validation-api/2.0.2/jakarta.validation-api-2.0.2.jar:/Users/tomate/.m2/repository/ch/qos/logback/logback-classic/1.2.3/logback-classic-1.2.3.jar:/Users/tomate/.m2/repository/org/slf4j/slf4j-api/1.7.30/slf4j-api-1.7.30.jar:/Users/tomate/.m2/repository/ch/qos/logback/logback-core/1.2.3/logback-core-1.2.3.jar:/Users/tomate/.m2/repository/org/springframework/boot/spring-boot-starter-security/2.4.5/spring-boot-starter-security-2.4.5.jar:/Users/tomate/.m2/repository/org/springframework/spring-aop/5.3.6/spring-aop-5.3.6.jar:/Users/tomate/.m2/repository/org/springframework/security/spring-security-config/5.4.6/spring-security-config-5.4.6.jar:/Users/tomate/.m2/repository/org/springframework/security/spring-security-core/5.4.6/spring-security-core-5.4.6.jar:/Users/tomate/.m2/repository/org/springframework/security/spring-security-web/5.4.6/spring-security-web-5.4.6.jar:/Users/tomate/.m2/repository/io/jsonwebtoken/jjwt/0.7.0/jjwt-0.7.0.jar:/Users/tomate/.m2/repository/com/fasterxml/jackson/core/jackson-databind/2.11.4/jackson-databind-2.11.4.jar:/Users/tomate/.m2/repository/org/springframework/cloud/spring-cloud-starter-feign/1.4.7.RELEASE/spring-cloud-starter-feign-1.4.7.RELEASE.jar:/Users/tomate/.m2/repository/org/springframework/cloud/spring-cloud-starter-openfeign/3.0.2/spring-cloud-starter-openfeign-3.0.2.jar:/Users/tomate/.m2/repository/org/springframework/cloud/spring-cloud-starter/3.0.2/spring-cloud-starter-3.0.2.jar:/Users/tomate/.m2/repository/org/springframework/cloud/spring-cloud-context/3.0.2/spring-cloud-context-3.0.2.jar:/Users/tomate/.m2/repository/org/springframework/security/spring-security-rsa/1.0.9.RELEASE/spring-security-rsa-1.0.9.RELEASE.jar:/Users/tomate/.m2/repository/org/bouncycastle/bcpkix-jdk15on/1.64/bcpkix-jdk15on-1.64.jar:/Users/tomate/.m2/repository/org/bouncycastle/bcprov-jdk15on/1.64/bcprov-jdk15on-1.64.jar:/Users/tomate/.m2/repository/org/springframework/cloud/spring-cloud-openfeign-core/3.0.2/spring-cloud-openfeign-core-3.0.2.jar:/Users/tomate/.m2/repository/io/github/openfeign/form/feign-form-spring/3.8.0/feign-form-spring-3.8.0.jar:/Users/tomate/.m2/repository/io/github/openfeign/form/feign-form/3.8.0/feign-form-3.8.0.jar:/Users/tomate/.m2/repository/commons-fileupload/commons-fileupload/1.4/commons-fileupload-1.4.jar:/Users/tomate/.m2/repository/commons-io/commons-io/2.2/commons-io-2.2.jar:/Users/tomate/.m2/repository/org/springframework/cloud/spring-cloud-commons/3.0.2/spring-cloud-commons-3.0.2.jar:/Users/tomate/.m2/repository/org/springframework/security/spring-security-crypto/5.4.6/spring-security-crypto-5.4.6.jar:/Users/tomate/.m2/repository/io/github/openfeign/feign-core/10.10.1/feign-core-10.10.1.jar:/Users/tomate/.m2/repository/io/github/openfeign/feign-slf4j/10.10.1/feign-slf4j-10.10.1.jar:/Users/tomate/.m2/repository/org/junit/jupiter/junit-jupiter-engine/5.4.2/junit-jupiter-engine-5.4.2.jar:/Users/tomate/.m2/repository/org/apiguardian/apiguardian-api/1.0.0/apiguardian-api-1.0.0.jar:/Users/tomate/.m2/repository/org/junit/platform/junit-platform-engine/1.7.1/junit-platform-engine-1.7.1.jar:/Users/tomate/.m2/repository/org/junit/jupiter/junit-jupiter-api/5.4.2/junit-jupiter-api-5.4.2.jar:/Users/tomate/.m2/repository/org/opentest4j/opentest4j/1.1.1/opentest4j-1.1.1.jar:/Users/tomate/.m2/repository/org/junit/platform/junit-platform-commons/1.7.1/junit-platform-commons-1.7.1.jar:/Users/tomate/.m2/repository/org/junit/platform/junit-platform-launcher/1.2.0/junit-platform-launcher-1.2.0.jar:/Users/tomate/.m2/repository/com/h2database/h2/1.4.200/h2-1.4.200.jar:/Users/tomate/.m2/repository/org/springframework/boot/spring-boot-starter-test/2.4.5/spring-boot-starter-test-2.4.5.jar:/Users/tomate/.m2/repository/org/springframework/boot/spring-boot-test/2.4.5/spring-boot-test-2.4.5.jar:/Users/tomate/.m2/repository/org/springframework/boot/spring-boot-test-autoconfigure/2.4.5/spring-boot-test-autoconfigure-2.4.5.jar:/Users/tomate/.m2/repository/com/jayway/jsonpath/json-path/2.4.0/json-path-2.4.0.jar:/Users/tomate/.m2/repository/net/minidev/json-smart/2.3/json-smart-2.3.jar:/Users/tomate/.m2/repository/net/minidev/accessors-smart/1.2/accessors-smart-1.2.jar:/Users/tomate/.m2/repository/org/ow2/asm/asm/5.0.4/asm-5.0.4.jar:/Users/tomate/.m2/repository/jakarta/xml/bind/jakarta.xml.bind-api/2.3.3/jakarta.xml.bind-api-2.3.3.jar:/Users/tomate/.m2/repository/jakarta/activation/jakarta.activation-api/1.2.2/jakarta.activation-api-1.2.2.jar:/Users/tomate/.m2/repository/org/assertj/assertj-core/3.18.1/assertj-core-3.18.1.jar:/Users/tomate/.m2/repository/org/hamcrest/hamcrest/2.2/hamcrest-2.2.jar:/Users/tomate/.m2/repository/org/junit/jupiter/junit-jupiter/5.7.1/junit-jupiter-5.7.1.jar:/Users/tomate/.m2/repository/org/junit/jupiter/junit-jupiter-params/5.7.1/junit-jupiter-params-5.7.1.jar:/Users/tomate/.m2/repository/org/mockito/mockito-core/3.6.28/mockito-core-3.6.28.jar:/Users/tomate/.m2/repository/net/bytebuddy/byte-buddy-agent/1.10.22/byte-buddy-agent-1.10.22.jar:/Users/tomate/.m2/repository/org/objenesis/objenesis/3.1/objenesis-3.1.jar:/Users/tomate/.m2/repository/org/mockito/mockito-junit-jupiter/3.6.28/mockito-junit-jupiter-3.6.28.jar:/Users/tomate/.m2/repository/org/skyscreamer/jsonassert/1.5.0/jsonassert-1.5.0.jar:/Users/tomate/.m2/repository/com/vaadin/external/google/android-json/0.0.20131108.vaadin1/android-json-0.0.20131108.vaadin1.jar:/Users/tomate/.m2/repository/org/springframework/spring-core/5.3.6/spring-core-5.3.6.jar:/Users/tomate/.m2/repository/org/springframework/spring-jcl/5.3.6/spring-jcl-5.3.6.jar:/Users/tomate/.m2/repository/org/springframework/spring-test/5.3.6/spring-test-5.3.6.jar:/Users/tomate/.m2/repository/org/xmlunit/xmlunit-core/2.7.0/xmlunit-core-2.7.0.jar:/Users/tomate/.m2/repository/com/github/tomakehurst/wiremock/1.58/wiremock-1.58.jar:/Users/tomate/.m2/repository/org/apache/httpcomponents/httpclient/4.5.13/httpclient-4.5.13.jar:/Users/tomate/.m2/repository/org/apache/httpcomponents/httpcore/4.4.14/httpcore-4.4.14.jar:/Users/tomate/.m2/repository/commons-codec/commons-codec/1.15/commons-codec-1.15.jar:/Users/tomate/.m2/repository/com/fasterxml/jackson/core/jackson-core/2.11.4/jackson-core-2.11.4.jar:/Users/tomate/.m2/repository/xmlunit/xmlunit/1.6/xmlunit-1.6.jar:/Users/tomate/.m2/repository/org/mortbay/jetty/jetty/6.1.26/jetty-6.1.26.jar:/Users/tomate/.m2/repository/org/mortbay/jetty/jetty-util/6.1.26/jetty-util-6.1.26.jar:/Users/tomate/.m2/repository/org/mortbay/jetty/servlet-api/2.5-20081211/servlet-api-2.5-20081211.jar:/Users/tomate/.m2/repository/com/fasterxml/jackson/core/jackson-annotations/2.11.4/jackson-annotations-2.11.4.jar:/Users/tomate/.m2/repository/net/sf/jopt-simple/jopt-simple/4.9/jopt-simple-4.9.jar:/Users/tomate/.m2/repository/com/google/guava/guava/18.0/guava-18.0.jar:"/>
    <property name="sun.cpu.endian" value="little"/>
    <property name="user.home" value="/Users/tomate"/>
    <property name="user.language" value="pt"/>
    <property name="java.specification.vendor" value="Oracle Corporation"/>
    <property name="java.version.date" value="2020-10-20"/>
    <property name="java.home" value="/Library/Java/JavaVirtualMachines/jdk-11.0.9.jdk/Contents/Home"/>
    <property name="file.separator" value="/"/>
    <property name="basedir" value="/Users/tomate/produtos-favoritos"/>
    <property name="java.vm.compressedOopsMode" value="Zero based"/>
    <property name="line.separator" value="&#10;"/>
    <property name="java.specification.name" value="Java Platform API Specification"/>
    <property name="java.vm.specification.vendor" value="Oracle Corporation"/>
    <property name="FILE_LOG_CHARSET" value="UTF-8"/>
    <property name="java.awt.graphicsenv" value="sun.awt.CGraphicsEnvironment"/>
    <property name="java.awt.headless" value="true"/>
    <property name="idea.version2020.1.1" value="true"/>
    <property name="surefire.real.class.path" value="/Users/tomate/produtos-favoritos/target/surefire/surefirebooter14315375123891681067.jar"/>
    <property name="sun.management.compiler" value="HotSpot 64-Bit Tiered Compilers"/>
    <property name="ftp.nonProxyHosts" value="local|*.local|169.254/16|*.169.254/16"/>
    <property name="java.runtime.version" value="11.0.9+7-LTS"/>
    <property name="user.name" value="tomate"/>
    <property name="path.separator" value=":"/>
    <property name="os.version" value="10.16"/>
    <property name="java.runtime.name" value="Java(TM) SE Runtime Environment"/>
    <property name="file.encoding" value="UTF-8"/>
    <property name="spring.beaninfo.ignore" value="true"/>
    <property name="java.vm.name" value="Java HotSpot(TM) 64-Bit Server VM"/>
    <property name="java.vendor.version" value="18.9"/>
    <property name="localRepository" value="/Users/tomate/.m2/repository"/>
    <property name="java.vendor.url.bug" value="https://bugreport.java.com/bugreport/"/>
    <property name="java.io.tmpdir" value="/var/folders/06/2pgylz8d057g5_8yhgpbw69r0000gn/T/"/>
    <property name="com.zaxxer.hikari.pool_number" value="2"/>
    <property name="catalina.home" value="/private/var/folders/06/2pgylz8d057g5_8yhgpbw69r0000gn/T/tomcat.0.2539047079037434524"/>
    <property name="java.version" value="11.0.9"/>
    <property name="user.dir" value="/Users/tomate/produtos-favoritos"/>
    <property name="os.arch" value="x86_64"/>
    <property name="java.vm.specification.name" value="Java Virtual Machine Specification"/>
    <property name="PID" value="21815"/>
    <property name="java.awt.printerjob" value="sun.lwawt.macosx.CPrinterJob"/>
    <property name="sun.os.patch.level" value="unknown"/>
    <property name="CONSOLE_LOG_CHARSET" value="UTF-8"/>
    <property name="catalina.base" value="/private/var/folders/06/2pgylz8d057g5_8yhgpbw69r0000gn/T/tomcat.0.2539047079037434524"/>
    <property name="java.library.path" value="/Users/tomate/Library/Java/Extensions:/Library/Java/Extensions:/Network/Library/Java/Extensions:/System/Library/Java/Extensions:/usr/lib/java:."/>
    <property name="java.vendor" value="Oracle Corporation"/>
    <property name="java.vm.info" value="mixed mode"/>
    <property name="java.vm.version" value="11.0.9+7-LTS"/>
    <property name="sun.io.unicode.encoding" value="UnicodeBig"/>
    <property name="java.class.version" value="55.0"/>
    <property name="socksNonProxyHosts" value="local|*.local|169.254/16|*.169.254/16"/>
  </properties>
  <testcase name="devoCriarProdutoFavoritoEntaoRetornaHttp201" classname="com.api.produtosfavoritos.produtofavorito.CadastroProdutoFavoritoTest" time="0.297">
    <system-out><![CDATA[26-04-2021 21:44:58.742  [INFO ] AbstractContextLoader - Could not detect default resource locations for test class [com.api.produtosfavoritos.produtofavorito.CadastroProdutoFavoritoTest]: no resource found for suffixes {-context.xml, Context.groovy}.
26-04-2021 21:44:58.742  [INFO ] AnnotationConfigContextLoaderUtils - Could not detect default configuration classes for test class [com.api.produtosfavoritos.produtofavorito.CadastroProdutoFavoritoTest]: CadastroProdutoFavoritoTest does not declare any static, non-private, non-final, nested classes annotated with @Configuration.
26-04-2021 21:44:58.744  [INFO ] SpringBootTestContextBootstrapper - Found @SpringBootConfiguration com.api.produtosfavoritos.ProdutosFavoritosApplication for test class com.api.produtosfavoritos.produtofavorito.CadastroProdutoFavoritoTest
26-04-2021 21:44:58.745  [INFO ] AbstractTestContextBootstrapper - Loaded default TestExecutionListener class names from location [META-INF/spring.factories]: [org.springframework.boot.test.mock.mockito.MockitoTestExecutionListener, org.springframework.boot.test.mock.mockito.ResetMocksTestExecutionListener, org.springframework.boot.test.autoconfigure.restdocs.RestDocsTestExecutionListener, org.springframework.boot.test.autoconfigure.web.client.MockRestServiceServerResetTestExecutionListener, org.springframework.boot.test.autoconfigure.web.servlet.MockMvcPrintOnlyOnFailureTestExecutionListener, org.springframework.boot.test.autoconfigure.web.servlet.WebDriverTestExecutionListener, org.springframework.boot.test.autoconfigure.webservices.client.MockWebServiceServerTestExecutionListener, org.springframework.test.context.web.ServletTestExecutionListener, org.springframework.test.context.support.DirtiesContextBeforeModesTestExecutionListener, org.springframework.test.context.event.ApplicationEventsTestExecutionListener, org.springframework.test.context.support.DependencyInjectionTestExecutionListener, org.springframework.test.context.support.DirtiesContextTestExecutionListener, org.springframework.test.context.transaction.TransactionalTestExecutionListener, org.springframework.test.context.jdbc.SqlScriptsTestExecutionListener, org.springframework.test.context.event.EventPublishingTestExecutionListener]
26-04-2021 21:44:58.745  [INFO ] AbstractTestContextBootstrapper - Using TestExecutionListeners: [org.springframework.test.context.web.ServletTestExecutionListener@39da0d43, org.springframework.test.context.support.DirtiesContextBeforeModesTestExecutionListener@b6db92b, org.springframework.test.context.event.ApplicationEventsTestExecutionListener@15500a8, org.springframework.boot.test.mock.mockito.MockitoTestExecutionListener@2d0ed017, org.springframework.boot.test.autoconfigure.SpringBootDependencyInjectionTestExecutionListener@445760e0, org.springframework.test.context.support.DirtiesContextTestExecutionListener@22152da0, org.springframework.test.context.transaction.TransactionalTestExecutionListener@b6c290a, org.springframework.test.context.jdbc.SqlScriptsTestExecutionListener@5039de18, org.springframework.test.context.event.EventPublishingTestExecutionListener@2f96e49f, org.springframework.boot.test.mock.mockito.ResetMocksTestExecutionListener@24e5a4e0, org.springframework.boot.test.autoconfigure.restdocs.RestDocsTestExecutionListener@4e2bed0f, org.springframework.boot.test.autoconfigure.web.client.MockRestServiceServerResetTestExecutionListener@507c33cc, org.springframework.boot.test.autoconfigure.web.servlet.MockMvcPrintOnlyOnFailureTestExecutionListener@48d68740, org.springframework.boot.test.autoconfigure.web.servlet.WebDriverTestExecutionListener@419df81e, org.springframework.boot.test.autoconfigure.webservices.client.MockWebServiceServerTestExecutionListener@50cf26b7]
26-04-2021 21:44:58.754 f89d23a5-c4ff-493f-9804-d94bcfcc2aca [INFO ] CorrelationIDInterceptor - correlation ID :f89d23a5-c4ff-493f-9804-d94bcfcc2aca
26-04-2021 21:44:58.756 f89d23a5-c4ff-493f-9804-d94bcfcc2aca [INFO ] ControllerCliente - Mapeamento do cliente realizado com sucesso: Cliente{nome='helder'}
26-04-2021 21:44:58.758 f89d23a5-c4ff-493f-9804-d94bcfcc2aca [INFO ] ControllerCliente - Cliente salvo com sucesso: Cliente{nome='helder'}
26-04-2021 21:44:59.034 bd7724ab-f7fb-40d2-8541-226fee7d6e9e [INFO ] CorrelationIDInterceptor - correlation ID :bd7724ab-f7fb-40d2-8541-226fee7d6e9e
26-04-2021 21:44:59.036 bd7724ab-f7fb-40d2-8541-226fee7d6e9e [INFO ] CadastroProdutoFavorito - Cliente validado com sucesso: 
26-04-2021 21:44:59.037 bd7724ab-f7fb-40d2-8541-226fee7d6e9e [INFO ] CadastroProdutoFavorito - produto validado com sucesso
26-04-2021 21:44:59.039 bd7724ab-f7fb-40d2-8541-226fee7d6e9e [INFO ] CadastroProdutoFavorito - produto consultado no catalogo de produtos com sucesso
26-04-2021 21:44:59.042 bd7724ab-f7fb-40d2-8541-226fee7d6e9e [INFO ] CadastroProdutoFavorito - produto salvo na lista de produtos favoritos com sucesso
26-04-2021 21:44:59.042 bd7724ab-f7fb-40d2-8541-226fee7d6e9e [INFO ] ControllerProdutoFavorito - Produto Favorito Cadastrado com sucesso
]]></system-out>
  </testcase>
  <testcase name="naoDevoCriarProdutoFavoritoEntaoRetornaHttp404" classname="com.api.produtosfavoritos.produtofavorito.CadastroProdutoFavoritoTest" time="0.291">
    <system-out><![CDATA[26-04-2021 21:44:59.053 eec85c95-56b0-4415-b1a7-83aa023d5a3c [INFO ] CorrelationIDInterceptor - correlation ID :eec85c95-56b0-4415-b1a7-83aa023d5a3c
26-04-2021 21:44:59.054 eec85c95-56b0-4415-b1a7-83aa023d5a3c [INFO ] ControllerCliente - Mapeamento do cliente realizado com sucesso: Cliente{nome='helder'}
26-04-2021 21:44:59.055 eec85c95-56b0-4415-b1a7-83aa023d5a3c [INFO ] ControllerCliente - Cliente salvo com sucesso: Cliente{nome='helder'}
26-04-2021 21:44:59.331 508fcb13-5b7f-48c5-a426-9a6e3ebf1c06 [INFO ] CorrelationIDInterceptor - correlation ID :508fcb13-5b7f-48c5-a426-9a6e3ebf1c06
26-04-2021 21:44:59.332 508fcb13-5b7f-48c5-a426-9a6e3ebf1c06 [ERROR] AdviceController - Erro de entidade nao encontrada: Unable to find com.api.produtosfavoritos.cliente.Cliente with id fdd0c6c3-999d-4c85-940e-b3db997b0b0011
]]></system-out>
  </testcase>
  <testcase name="naoDevoCriarProdutoFavoritoEntaoRetornaHttp409" classname="com.api.produtosfavoritos.produtofavorito.CadastroProdutoFavoritoTest" time="0.432">
    <system-out><![CDATA[26-04-2021 21:44:59.342 5c845252-eeb2-441b-be70-3933d46b6e29 [INFO ] CorrelationIDInterceptor - correlation ID :5c845252-eeb2-441b-be70-3933d46b6e29
26-04-2021 21:44:59.344 5c845252-eeb2-441b-be70-3933d46b6e29 [INFO ] ControllerCliente - Mapeamento do cliente realizado com sucesso: Cliente{nome='helder'}
26-04-2021 21:44:59.345 5c845252-eeb2-441b-be70-3933d46b6e29 [INFO ] ControllerCliente - Cliente salvo com sucesso: Cliente{nome='helder'}
26-04-2021 21:44:59.621 fd3a34e6-7ea6-447d-908e-c2e953b4f996 [INFO ] CorrelationIDInterceptor - correlation ID :fd3a34e6-7ea6-447d-908e-c2e953b4f996
26-04-2021 21:44:59.622 fd3a34e6-7ea6-447d-908e-c2e953b4f996 [INFO ] CadastroProdutoFavorito - Cliente validado com sucesso: 
26-04-2021 21:44:59.623 fd3a34e6-7ea6-447d-908e-c2e953b4f996 [INFO ] CadastroProdutoFavorito - produto validado com sucesso
26-04-2021 21:44:59.625 fd3a34e6-7ea6-447d-908e-c2e953b4f996 [INFO ] CadastroProdutoFavorito - produto consultado no catalogo de produtos com sucesso
26-04-2021 21:44:59.627 fd3a34e6-7ea6-447d-908e-c2e953b4f996 [INFO ] CadastroProdutoFavorito - produto salvo na lista de produtos favoritos com sucesso
26-04-2021 21:44:59.627 fd3a34e6-7ea6-447d-908e-c2e953b4f996 [INFO ] ControllerProdutoFavorito - Produto Favorito Cadastrado com sucesso
26-04-2021 21:44:59.765 1d61259a-300c-41f3-80cc-c3a68ae47806 [INFO ] CorrelationIDInterceptor - correlation ID :1d61259a-300c-41f3-80cc-c3a68ae47806
26-04-2021 21:44:59.766 1d61259a-300c-41f3-80cc-c3a68ae47806 [INFO ] CadastroProdutoFavorito - Cliente validado com sucesso: 
26-04-2021 21:44:59.767 1d61259a-300c-41f3-80cc-c3a68ae47806 [ERROR] AdviceController - Erro de integridade de dados: Produto ja cadastrado como favorito
]]></system-out>
  </testcase>
  <testcase name="naoDevoCriarProdutoFavoritoCasoProdutoNaoExistaEntaoRetornaHttp404" classname="com.api.produtosfavoritos.produtofavorito.CadastroProdutoFavoritoTest" time="0.308">
    <system-out><![CDATA[26-04-2021 21:44:59.776 d6eb5ab8-2c1d-4b0a-85ca-d3f097e9eb81 [INFO ] CorrelationIDInterceptor - correlation ID :d6eb5ab8-2c1d-4b0a-85ca-d3f097e9eb81
26-04-2021 21:44:59.777 d6eb5ab8-2c1d-4b0a-85ca-d3f097e9eb81 [INFO ] ControllerCliente - Mapeamento do cliente realizado com sucesso: Cliente{nome='helder'}
26-04-2021 21:44:59.779 d6eb5ab8-2c1d-4b0a-85ca-d3f097e9eb81 [INFO ] ControllerCliente - Cliente salvo com sucesso: Cliente{nome='helder'}
26-04-2021 21:45:00.053 c927e23d-addb-468b-bd85-656b2e845acd [INFO ] CorrelationIDInterceptor - correlation ID :c927e23d-addb-468b-bd85-656b2e845acd
26-04-2021 21:45:00.054 c927e23d-addb-468b-bd85-656b2e845acd [INFO ] CadastroProdutoFavorito - Cliente validado com sucesso: 
26-04-2021 21:45:00.055 c927e23d-addb-468b-bd85-656b2e845acd [INFO ] CadastroProdutoFavorito - produto validado com sucesso
26-04-2021 21:45:00.076 c927e23d-addb-468b-bd85-656b2e845acd [ERROR] AdviceController - Erro de entidade nao encontrada: Produto nao encontrado no catalogo - 404
]]></system-out>
  </testcase>
</testsuite>